<?xml version="1.0" encoding="UTF-8"?>
<!-- Generated by org.testng.reporters.JUnitXMLReporter -->
<testsuite ignored="4" hostname="LAPTOP-U43VOP2V" failures="0" tests="2" name="Test2" time="92.819" errors="0" timestamp="2022-06-09T17:33:01 IST">
  <testcase classname="com.crm.comcast.contactTest.CreateContactTest" name="CreateContact" time="22.157"/>
  <testcase classname="com.crm.comcastcampaignTest.CreateCampaginWithProduct_2_Test" name="CreateCampaginWithProduct" time="41.239"/>
  <testcase classname="Generic_Utilities.Base_Class" name="@BeforeTest bt" time="0.0">
    <ignored/>
  </testcase> <!-- @BeforeTest bt -->
  <testcase classname="Generic_Utilities.Base_Class" name="@AfterSuite as" time="0.0">
    <ignored/>
  </testcase> <!-- @AfterSuite as -->
  <testcase classname="Generic_Utilities.Base_Class" name="@AfterTest at" time="0.0">
    <ignored/>
  </testcase> <!-- @AfterTest at -->
  <testcase classname="Generic_Utilities.Base_Class" name="@BeforeSuite bs" time="0.0">
    <ignored/>
  </testcase> <!-- @BeforeSuite bs -->
</testsuite> <!-- Test2 -->
