<?xml version="1.0" encoding="UTF-8"?>
<!-- Generated by org.testng.reporters.JUnitXMLReporter -->
<testsuite ignored="4" hostname="LAPTOP-U43VOP2V" failures="0" tests="2" name="Test1" time="77.084" errors="0" timestamp="2022-06-09T17:32:45 IST">
  <testcase classname="com.crm.comcastcampaignTest.CreateCampaignTest" name="CreateCampaign" time="21.071"/>
  <testcase classname="com.crm.comcast.contactTest.DeleteContact_3_Test" name="DeleteContact" time="29.458"/>
  <testcase classname="Generic_Utilities.Base_Class" name="@BeforeTest bt" time="0.0">
    <ignored/>
  </testcase> <!-- @BeforeTest bt -->
  <testcase classname="Generic_Utilities.Base_Class" name="@AfterSuite as" time="0.0">
    <ignored/>
  </testcase> <!-- @AfterSuite as -->
  <testcase classname="Generic_Utilities.Base_Class" name="@AfterTest at" time="0.0">
    <ignored/>
  </testcase> <!-- @AfterTest at -->
  <testcase classname="Generic_Utilities.Base_Class" name="@BeforeSuite bs" time="0.0">
    <ignored/>
  </testcase> <!-- @BeforeSuite bs -->
</testsuite> <!-- Test1 -->
