<?xml version="1.0" encoding="UTF-8"?>
<testng-results ignored="8" total="12" passed="4" failed="0" skipped="0">
  <reporter-output>
  </reporter-output>
  <suite started-at="2022-06-09T17:31:28 IST" name="Suite" finished-at="2022-06-09T17:33:01 IST" duration-ms="92819">
    <groups>
      <group name="regression">
        <method signature="DeleteContact_3_Test.DeleteContact()[pri:0, instance:com.crm.comcast.contactTest.DeleteContact_3_Test@bd4dc25]" name="DeleteContact" class="com.crm.comcast.contactTest.DeleteContact_3_Test"/>
        <method signature="CreateCampaginWithProduct_2_Test.CreateCampaginWithProduct()[pri:0, instance:com.crm.comcastcampaignTest.CreateCampaginWithProduct_2_Test@2ed2d9cb]" name="CreateCampaginWithProduct" class="com.crm.comcastcampaignTest.CreateCampaginWithProduct_2_Test"/>
        <method signature="CreateContactTest.CreateContact()[pri:0, instance:com.crm.comcast.contactTest.CreateContactTest@6392827e]" name="CreateContact" class="com.crm.comcast.contactTest.CreateContactTest"/>
      </group> <!-- regression -->
      <group name="smoke">
        <method signature="CreateCampaignTest.CreateCampaign()[pri:0, instance:com.crm.comcastcampaignTest.CreateCampaignTest@662b4c69]" name="CreateCampaign" class="com.crm.comcastcampaignTest.CreateCampaignTest"/>
      </group> <!-- smoke -->
    </groups>
    <test started-at="2022-06-09T17:31:28 IST" name="Test1" finished-at="2022-06-09T17:32:45 IST" duration-ms="77084">
      <class name="com.crm.comcast.contactTest.DeleteContact_3_Test">
        <test-method is-config="true" signature="bc()[pri:0, instance:com.crm.comcast.contactTest.DeleteContact_3_Test@bd4dc25]" started-at="2022-06-09T17:32:03 IST" name="bc" finished-at="2022-06-09T17:32:07 IST" duration-ms="3423" status="PASS">
          <reporter-output>
          </reporter-output>
        </test-method> <!-- bc -->
        <test-method is-config="true" signature="bm()[pri:0, instance:com.crm.comcast.contactTest.DeleteContact_3_Test@bd4dc25]" started-at="2022-06-09T17:32:07 IST" name="bm" finished-at="2022-06-09T17:32:12 IST" duration-ms="5842" status="PASS">
          <reporter-output>
          </reporter-output>
        </test-method> <!-- bm -->
        <test-method signature="DeleteContact()[pri:0, instance:com.crm.comcast.contactTest.DeleteContact_3_Test@bd4dc25]" started-at="2022-06-09T17:32:12 IST" name="DeleteContact" finished-at="2022-06-09T17:32:42 IST" duration-ms="29458" status="PASS">
          <reporter-output>
          </reporter-output>
        </test-method> <!-- DeleteContact -->
        <test-method is-config="true" signature="am()[pri:0, instance:com.crm.comcast.contactTest.DeleteContact_3_Test@bd4dc25]" started-at="2022-06-09T17:32:42 IST" name="am" finished-at="2022-06-09T17:32:45 IST" duration-ms="2658" status="PASS">
          <reporter-output>
          </reporter-output>
        </test-method> <!-- am -->
        <test-method is-config="true" signature="ac()[pri:0, instance:com.crm.comcast.contactTest.DeleteContact_3_Test@bd4dc25]" started-at="2022-06-09T17:32:45 IST" name="ac" finished-at="2022-06-09T17:32:45 IST" duration-ms="576" status="PASS">
          <reporter-output>
          </reporter-output>
        </test-method> <!-- ac -->
      </class> <!-- com.crm.comcast.contactTest.DeleteContact_3_Test -->
      <class name="com.crm.comcastcampaignTest.CreateCampaignTest">
        <test-method is-config="true" signature="bt()[pri:0, instance:com.crm.comcastcampaignTest.CreateCampaignTest@662b4c69]" started-at="2022-06-09T17:31:28 IST" name="bt" finished-at="2022-06-09T17:31:28 IST" duration-ms="1" status="PASS">
          <reporter-output>
          </reporter-output>
        </test-method> <!-- bt -->
        <test-method is-config="true" signature="bc()[pri:0, instance:com.crm.comcastcampaignTest.CreateCampaignTest@662b4c69]" started-at="2022-06-09T17:31:28 IST" name="bc" finished-at="2022-06-09T17:31:33 IST" duration-ms="4595" status="PASS">
          <reporter-output>
          </reporter-output>
        </test-method> <!-- bc -->
        <test-method is-config="true" signature="bm()[pri:0, instance:com.crm.comcastcampaignTest.CreateCampaignTest@662b4c69]" started-at="2022-06-09T17:31:33 IST" name="bm" finished-at="2022-06-09T17:31:39 IST" duration-ms="6502" status="PASS">
          <reporter-output>
          </reporter-output>
        </test-method> <!-- bm -->
        <test-method signature="CreateCampaign()[pri:0, instance:com.crm.comcastcampaignTest.CreateCampaignTest@662b4c69]" started-at="2022-06-09T17:31:39 IST" name="CreateCampaign" finished-at="2022-06-09T17:32:00 IST" duration-ms="21071" status="PASS">
          <reporter-output>
          </reporter-output>
        </test-method> <!-- CreateCampaign -->
        <test-method is-config="true" signature="am()[pri:0, instance:com.crm.comcastcampaignTest.CreateCampaignTest@662b4c69]" started-at="2022-06-09T17:32:00 IST" name="am" finished-at="2022-06-09T17:32:03 IST" duration-ms="2546" status="PASS">
          <reporter-output>
          </reporter-output>
        </test-method> <!-- am -->
        <test-method is-config="true" signature="ac()[pri:0, instance:com.crm.comcastcampaignTest.CreateCampaignTest@662b4c69]" started-at="2022-06-09T17:32:03 IST" name="ac" finished-at="2022-06-09T17:32:03 IST" duration-ms="312" status="PASS">
          <reporter-output>
          </reporter-output>
        </test-method> <!-- ac -->
        <test-method is-config="true" signature="at()[pri:0, instance:com.crm.comcastcampaignTest.CreateCampaignTest@662b4c69]" started-at="2022-06-09T17:32:45 IST" name="at" finished-at="2022-06-09T17:32:45 IST" duration-ms="0" status="PASS">
          <reporter-output>
          </reporter-output>
        </test-method> <!-- at -->
      </class> <!-- com.crm.comcastcampaignTest.CreateCampaignTest -->
    </test> <!-- Test1 -->
    <test started-at="2022-06-09T17:31:28 IST" name="Test2" finished-at="2022-06-09T17:33:01 IST" duration-ms="92819">
      <class name="com.crm.comcast.contactTest.CreateContactTest">
        <test-method is-config="true" signature="bs()[pri:0, instance:com.crm.comcast.contactTest.CreateContactTest@6392827e]" started-at="2022-06-09T17:31:28 IST" name="bs" finished-at="2022-06-09T17:31:28 IST" duration-ms="22" status="PASS">
          <reporter-output>
          </reporter-output>
        </test-method> <!-- bs -->
        <test-method is-config="true" signature="bt()[pri:0, instance:com.crm.comcast.contactTest.CreateContactTest@6392827e]" started-at="2022-06-09T17:31:28 IST" name="bt" finished-at="2022-06-09T17:31:28 IST" duration-ms="1" status="PASS">
          <reporter-output>
          </reporter-output>
        </test-method> <!-- bt -->
        <test-method is-config="true" signature="bc()[pri:0, instance:com.crm.comcast.contactTest.CreateContactTest@6392827e]" started-at="2022-06-09T17:31:28 IST" name="bc" finished-at="2022-06-09T17:31:33 IST" duration-ms="4760" status="PASS">
          <reporter-output>
          </reporter-output>
        </test-method> <!-- bc -->
        <test-method is-config="true" signature="bm()[pri:0, instance:com.crm.comcast.contactTest.CreateContactTest@6392827e]" started-at="2022-06-09T17:31:33 IST" name="bm" finished-at="2022-06-09T17:31:39 IST" duration-ms="6338" status="PASS">
          <reporter-output>
          </reporter-output>
        </test-method> <!-- bm -->
        <test-method signature="CreateContact()[pri:0, instance:com.crm.comcast.contactTest.CreateContactTest@6392827e]" started-at="2022-06-09T17:31:39 IST" name="CreateContact" finished-at="2022-06-09T17:32:01 IST" duration-ms="22157" status="PASS">
          <reporter-output>
          </reporter-output>
        </test-method> <!-- CreateContact -->
        <test-method is-config="true" signature="am()[pri:0, instance:com.crm.comcast.contactTest.CreateContactTest@6392827e]" started-at="2022-06-09T17:32:01 IST" name="am" finished-at="2022-06-09T17:32:04 IST" duration-ms="2556" status="PASS">
          <reporter-output>
          </reporter-output>
        </test-method> <!-- am -->
        <test-method is-config="true" signature="ac()[pri:0, instance:com.crm.comcast.contactTest.CreateContactTest@6392827e]" started-at="2022-06-09T17:32:04 IST" name="ac" finished-at="2022-06-09T17:32:05 IST" duration-ms="735" status="PASS">
          <reporter-output>
          </reporter-output>
        </test-method> <!-- ac -->
        <test-method is-config="true" signature="at()[pri:0, instance:com.crm.comcast.contactTest.CreateContactTest@6392827e]" started-at="2022-06-09T17:33:01 IST" name="at" finished-at="2022-06-09T17:33:01 IST" duration-ms="0" status="PASS">
          <reporter-output>
          </reporter-output>
        </test-method> <!-- at -->
        <test-method is-config="true" signature="as()[pri:0, instance:com.crm.comcast.contactTest.CreateContactTest@6392827e]" started-at="2022-06-09T17:33:01 IST" name="as" finished-at="2022-06-09T17:33:01 IST" duration-ms="0" status="PASS">
          <reporter-output>
          </reporter-output>
        </test-method> <!-- as -->
      </class> <!-- com.crm.comcast.contactTest.CreateContactTest -->
      <class name="com.crm.comcastcampaignTest.CreateCampaginWithProduct_2_Test">
        <test-method is-config="true" signature="bc()[pri:0, instance:com.crm.comcastcampaignTest.CreateCampaginWithProduct_2_Test@2ed2d9cb]" started-at="2022-06-09T17:32:05 IST" name="bc" finished-at="2022-06-09T17:32:08 IST" duration-ms="2929" status="PASS">
          <reporter-output>
          </reporter-output>
        </test-method> <!-- bc -->
        <test-method is-config="true" signature="bm()[pri:0, instance:com.crm.comcastcampaignTest.CreateCampaginWithProduct_2_Test@2ed2d9cb]" started-at="2022-06-09T17:32:08 IST" name="bm" finished-at="2022-06-09T17:32:15 IST" duration-ms="7578" status="PASS">
          <reporter-output>
          </reporter-output>
        </test-method> <!-- bm -->
        <test-method signature="CreateCampaginWithProduct()[pri:0, instance:com.crm.comcastcampaignTest.CreateCampaginWithProduct_2_Test@2ed2d9cb]" started-at="2022-06-09T17:32:15 IST" name="CreateCampaginWithProduct" finished-at="2022-06-09T17:32:56 IST" duration-ms="41239" status="PASS">
          <reporter-output>
          </reporter-output>
        </test-method> <!-- CreateCampaginWithProduct -->
        <test-method is-config="true" signature="am()[pri:0, instance:com.crm.comcastcampaignTest.CreateCampaginWithProduct_2_Test@2ed2d9cb]" started-at="2022-06-09T17:32:56 IST" name="am" finished-at="2022-06-09T17:33:01 IST" duration-ms="4226" status="PASS">
          <reporter-output>
          </reporter-output>
        </test-method> <!-- am -->
        <test-method is-config="true" signature="ac()[pri:0, instance:com.crm.comcastcampaignTest.CreateCampaginWithProduct_2_Test@2ed2d9cb]" started-at="2022-06-09T17:33:01 IST" name="ac" finished-at="2022-06-09T17:33:01 IST" duration-ms="244" status="PASS">
          <reporter-output>
          </reporter-output>
        </test-method> <!-- ac -->
      </class> <!-- com.crm.comcastcampaignTest.CreateCampaginWithProduct_2_Test -->
    </test> <!-- Test2 -->
  </suite> <!-- Suite -->
</testng-results>
